<?xml version="1.0" encoding="UTF-8"?>
<testsuite name="starter.CucumberTestSuite" tests="0" skipped="0" failures="0" errors="0" timestamp="1970-01-01T00:00:00" hostname="DESKTOP-F39JFGB" time="0.0">
  <properties/>
  <system-out><![CDATA[18:13:52.393 [Test worker] INFO   - 

-------------------------------------------------------------------------------------
     _______. _______ .______       _______ .__   __.  __  .___________.____    ____ 
    /       ||   ____||   _  \     |   ____||  \ |  | |  | |           |\   \  /   / 
   |   (----`|  |__   |  |_)  |    |  |__   |   \|  | |  | `---|  |----` \   \/   /  
    \   \    |   __|  |      /     |   __|  |  . `  | |  |     |  |       \_    _/   
.----)   |   |  |____ |  |\  \----.|  |____ |  |\   | |  |     |  |         |  |     
|_______/    |_______|| _| `._____||_______||__| \__| |__|     |__|         |__|    
                                                                                     
 News and tutorials at http://www.serenity-bdd.info                                  
 Documentation at https://wakaleo.gitbooks.io/the-serenity-book/content/             
 Join the Serenity Community on Gitter: https://gitter.im/serenity-bdd/serenity-core 
 Serenity BDD Support and Training at http://serenity-bdd.info/#/trainingandsupport  
 Learn Serenity BDD online at https://www.serenitydojo.net                           
-------------------------------------------------------------------------------------

18:13:52.436 [Test worker] INFO   - Test Suite Started: Login into the application
18:13:53.330 [Test worker] INFO   - Test Suite Started: Dar de Alta un nuevo Post
18:14:43.909 [Test worker] ERROR  - 
         __  _____ _____ ____ _____   _____ ____  ____   ___  ____  
 _      / / |_   _| ____/ ___|_   _| | ____|  _ \|  _ \ / _ \|  _ \ 
(_)____| |    | | |  _| \___ \ | |   |  _| | |_) | |_) | | | | |_) |
 |_____| |    | | | |___ ___) || |   | |___|  _ <|  _ <| |_| |  _ < 
(_)    | |    |_| |_____|____/ |_|   |_____|_| \_\_| \_\\___/|_| \_\
        \_\                                                         

Successful Login
---------------------------------------------------------------------
18:14:44.672 [Test worker] ERROR  -     Test failed at step: User clicks on [By.tagName: button[8]]
18:14:44.672 [Test worker] ERROR  -     no such element: Unable to locate element: {"method":"css selector","selector":"button\[8\]"}
18:14:44.925 [Test worker] ERROR  - 
         __  _____ _____ ____ _____   _____ ____  ____   ___  ____  
 _      / / |_   _| ____/ ___|_   _| | ____|  _ \|  _ \ / _ \|  _ \ 
(_)____| |    | | |  _| \___ \ | |   |  _| | |_) | |_) | | | | |_) |
 |_____| |    | | | |___ ___) || |   | |___|  _ <|  _ <| |_| |  _ < 
(_)    | |    |_| |_____|____/ |_|   |_____|_| \_\_| \_\\___/|_| \_\
        \_\                                                         

Post Creado Exitosamente
---------------------------------------------------------------------
18:14:44.926 [Test worker] ERROR  -     Test failed at step: Given Validar campos requeridos
18:14:44.928 [Test worker] ERROR  -     Step [Validar campos requeridos] is defined with 1 parameters at 'starter.stepdefinitions.PostStepDefinitions.validar_campos_requeridos(String) in file:/C:/Users/admin/Documents/Prueba%20Chocair%20%20Testing/serenity-cucumber4-starter/build/classes/java/test/'.
]]></system-out>
  <system-err><![CDATA[nov. 25, 2020 6:13:53 P. M. cucumber.runtime.java.ObjectFactoryLoader loadSingleObjectFactory
WARNING: Loading deprecated ObjectFactory from runtime via reflection: cucumber.runtime.SerenityObjectFactory
]]></system-err>
</testsuite>
